182333
182333
183413
183447
181911
182300
182100
182060
186109
186114
184625
189077
189081
186623
190629
190585
190757
189278
191594
191561
194768
194771
194656
193214
193213
193197
188940
191470
191447
191676
186520
186547
186629
186574
186294
186877
186787
186006
186550
193514
193507
193349
188645
186181
186030
192986
193049
194681
194597
194786
194770
193198
191993
187975
184767
184763
193566
193566
196045
196048
193017
195008
194928
192739
198820
198828
195731
201575
201579
197755
203039
202973
201745
200317
203865
203828
206154
206156
205424
204523
204523
204461
200056
204075
204051
202168
199105
199117
199501
199447
197279
199669
199616
199657
199833
206745
206749
205310
200188
199809
199790
205155
205186
206442
206395
206588
206563
203810
202517
183220
196105
196105
193614
193614
196076
196077
193062
195040
194968
192774
198850
198857
195778
201606
201609
197772
203082
203019
201789
200364
203913
203875
206192
206195
205473
204566
204566
204505
200119
204107
204082
202216
199139
199151
199533
199482
197324
199687
199639
199681
199866
206791
206793
205358
200247
199843
199813
205190
205226
206461
206420
206612
206578
203836
202543
183234
196151
196153
192802
192800
195197
195204
192356
194110
194023
192053
198042
198047
195015
200711
200713
196980
202248
202188
201074
199573
203111
203073
205486
205487
204819
203848
203848
203774
199334
203248
203231
201554
198248
198270
198634
198619
196507
198801
198772
198816
198998
205941
205942
204559
199474
198928
198954
204245
204303
205603
205564
205769
205735
203075
201742
183343
195381
195379
192114
192113
194256
194246
191592
193185
193046
191346
196998
197004
194338
199826
199830
196301
201297
201224
200386
198916
202175
202131
204736
204739
204233
203122
203122
203059
198496
202233
202220
200983
197293
197304
197595
197557
195840
197716
197641
197744
197915
204969
204963
203909
198810
197880
197878
203146
203204
204634
204621
204862
204826
202308
201058
182301
194684
194685
PRUEBAS ESTRICTAS FINALIZADAS
