../Datasets/salmonella/reference.phy ../Datasets/salmonella/query5.phy ../Datasets/salmonella/reftree.tree
Initializing reference tree via BIO++
Initializing reference tree -- DONE
Initializing reference sequences... OK
A total of 56 reference sequences, with length 119750
Initializing query sequences... OK
A total of 5 query sequences, with length 119750
-------------
54
-------------
Index: 0 Value: 3
Index: 1 Value: 6
Index: 2 Value: 8
Index: 3 Value: 11
Index: 4 Value: 13
Index: 5 Value: 16
Index: 6 Value: 18
Index: 7 Value: 22
Index: 8 Value: 23
Index: 9 Value: 24
Index: 10 Value: 28
Index: 11 Value: 30
Index: 12 Value: 31
Index: 13 Value: 35
Index: 14 Value: 38
Index: 15 Value: 40
Index: 16 Value: 44
Index: 17 Value: 45
Index: 18 Value: 46
Index: 19 Value: 47
Index: 20 Value: 48
Index: 21 Value: 49
Index: 22 Value: 50
Index: 23 Value: 51
Index: 24 Value: 54
Index: 25 Value: 56
Index: 26 Value: 59
Index: 27 Value: 60
Index: 28 Value: 63
Index: 29 Value: 65
Index: 30 Value: 68
Index: 31 Value: 71
Index: 32 Value: 74
Index: 33 Value: 76
Index: 34 Value: 78
Index: 35 Value: 79
Index: 36 Value: 82
Index: 37 Value: 83
Index: 38 Value: 88
Index: 39 Value: 92
Index: 40 Value: 95
Index: 41 Value: 96
Index: 42 Value: 97
Index: 43 Value: 98
Index: 44 Value: 99
Index: 45 Value: 100
Index: 46 Value: 101
Index: 47 Value: 102
Index: 48 Value: 103
Index: 49 Value: 104
Index: 50 Value: 105
Index: 51 Value: 106
Index: 52 Value: 107
Index: 53 Value: 109
Scoring reference tree
PARSIMONY SCORE 173323
Reference tree evaluation: Time spent: 0.022615
-----------------------Show Tree Heuristic---------------------
Leave ID: 0 with ancestors:->>>-109
Leave ID: 1 with ancestors:->>>-3-107-109
Leave ID: 2 with ancestors:->>>-3-107-109
Leave ID: 4 with ancestors:->>>-6-8-106-107-109
Leave ID: 5 with ancestors:->>>-6-8-106-107-109
Leave ID: 7 with ancestors:->>>-8-106-107-109
Leave ID: 9 with ancestors:->>>-11-13-51-105-106-107-109
Leave ID: 10 with ancestors:->>>-11-13-51-105-106-107-109
Leave ID: 12 with ancestors:->>>-13-51-105-106-107-109
Leave ID: 14 with ancestors:->>>-16-18-24-50-51-105-106-107-109
Leave ID: 15 with ancestors:->>>-16-18-24-50-51-105-106-107-109
Leave ID: 17 with ancestors:->>>-18-24-50-51-105-106-107-109
Leave ID: 19 with ancestors:->>>-23-24-50-51-105-106-107-109
Leave ID: 20 with ancestors:->>>-22-23-24-50-51-105-106-107-109
Leave ID: 21 with ancestors:->>>-22-23-24-50-51-105-106-107-109
Leave ID: 25 with ancestors:->>>-31-49-50-51-105-106-107-109
Leave ID: 26 with ancestors:->>>-28-30-31-49-50-51-105-106-107-109
Leave ID: 27 with ancestors:->>>-28-30-31-49-50-51-105-106-107-109
Leave ID: 29 with ancestors:->>>-30-31-49-50-51-105-106-107-109
Leave ID: 32 with ancestors:->>>-48-49-50-51-105-106-107-109
Leave ID: 33 with ancestors:->>>-35-47-48-49-50-51-105-106-107-109
Leave ID: 34 with ancestors:->>>-35-47-48-49-50-51-105-106-107-109
Leave ID: 36 with ancestors:->>>-38-40-46-47-48-49-50-51-105-106-107-109
Leave ID: 37 with ancestors:->>>-38-40-46-47-48-49-50-51-105-106-107-109
Leave ID: 39 with ancestors:->>>-40-46-47-48-49-50-51-105-106-107-109
Leave ID: 41 with ancestors:->>>-45-46-47-48-49-50-51-105-106-107-109
Leave ID: 42 with ancestors:->>>-44-45-46-47-48-49-50-51-105-106-107-109
Leave ID: 43 with ancestors:->>>-44-45-46-47-48-49-50-51-105-106-107-109
Leave ID: 52 with ancestors:->>>-54-56-60-104-105-106-107-109
Leave ID: 53 with ancestors:->>>-54-56-60-104-105-106-107-109
Leave ID: 55 with ancestors:->>>-56-60-104-105-106-107-109
Leave ID: 57 with ancestors:->>>-59-60-104-105-106-107-109
Leave ID: 58 with ancestors:->>>-59-60-104-105-106-107-109
Leave ID: 61 with ancestors:->>>-63-65-103-104-105-106-107-109
Leave ID: 62 with ancestors:->>>-63-65-103-104-105-106-107-109
Leave ID: 64 with ancestors:->>>-65-103-104-105-106-107-109
Leave ID: 66 with ancestors:->>>-68-102-103-104-105-106-107-109
Leave ID: 67 with ancestors:->>>-68-102-103-104-105-106-107-109
Leave ID: 69 with ancestors:->>>-71-79-83-101-102-103-104-105-106-107-109
Leave ID: 70 with ancestors:->>>-71-79-83-101-102-103-104-105-106-107-109
Leave ID: 72 with ancestors:->>>-74-76-78-79-83-101-102-103-104-105-106-107-109
Leave ID: 73 with ancestors:->>>-74-76-78-79-83-101-102-103-104-105-106-107-109
Leave ID: 75 with ancestors:->>>-76-78-79-83-101-102-103-104-105-106-107-109
Leave ID: 77 with ancestors:->>>-78-79-83-101-102-103-104-105-106-107-109
Leave ID: 80 with ancestors:->>>-82-83-101-102-103-104-105-106-107-109
Leave ID: 81 with ancestors:->>>-82-83-101-102-103-104-105-106-107-109
Leave ID: 84 with ancestors:->>>-100-101-102-103-104-105-106-107-109
Leave ID: 85 with ancestors:->>>-99-100-101-102-103-104-105-106-107-109
Leave ID: 86 with ancestors:->>>-88-98-99-100-101-102-103-104-105-106-107-109
Leave ID: 87 with ancestors:->>>-88-98-99-100-101-102-103-104-105-106-107-109
Leave ID: 89 with ancestors:->>>-97-98-99-100-101-102-103-104-105-106-107-109
Leave ID: 90 with ancestors:->>>-92-96-97-98-99-100-101-102-103-104-105-106-107-109
Leave ID: 91 with ancestors:->>>-92-96-97-98-99-100-101-102-103-104-105-106-107-109
Leave ID: 93 with ancestors:->>>-95-96-97-98-99-100-101-102-103-104-105-106-107-109
Leave ID: 94 with ancestors:->>>-95-96-97-98-99-100-101-102-103-104-105-106-107-109
Leave ID: 108 with ancestors:->>>-109
numNodos:--->>>110
false - false - false - false - false - false - false - false - false - false - false - false - false - false - false - false - false - false - false - false - false - false - false - false - false - false - false - false - false - false - false - false - false - false - false - false - false - false - false - false - false - false - false - false - false - false - false - false - false - false - false - false - false - false - false - false - false - false - false - false - false - false - false - false - false - false - false - false - false - false - false - false - false - false - false - false - false - false - false - false - false - false - false - false - false - false - false - false - false - false - false - false - false - false - false - false - false - false - false - false - false - false - false - false - false - false - false - false - false - false - ROOT::: 109
NUM HOJAS::: 56
ARRAY LEAVES-------
-0--1--2--4--5--7--9--10--12--14--15--17--19--20--21--25--26--27--29--32--33--34--36--37--39--41--42--43--52--53--55--57--58--61--62--64--66--67--69--70--72--73--75--77--80--81--84--85--86--87--89--90--91--93--94--108-
ARRAY CORR---------
-3--6--8--11--13--16--18--22--23--24--28--30--31--35--38--40--44--45--46--47--48--49--50--51--54--56--59--60--63--65--68--71--74--76--78--79--82--83--88--92--95--96--97--98--99--100--101--102--103--104--105--106--107--109-
-----------------------End Tree Heuristic----------------------
Number of sons 2
Son replaced 0
Son replaced 1

Number of sons 2
Son replaced 0
Son replaced 1

Number of sons 2
Son replaced 0
Son replaced 1

Number of sons 2
Son replaced 0
Son replaced 1

Number of sons 2
Son replaced 0
Son replaced 1

Number of sons 2
Son replaced 0
Son replaced 1

Number of sons 2
Son replaced 0
Son replaced 1

Number of sons 2
Son replaced 0
Son replaced 1

Number of sons 2
Son replaced 0
Son replaced 1

Number of sons 2
Son replaced 0
Son replaced 1

Number of sons 2
Son replaced 0
Son replaced 1

Number of sons 2
Son replaced 0
Son replaced 1

Number of sons 2
Son replaced 0
Son replaced 1

Number of sons 2
Son replaced 0
Son replaced 1

Number of sons 2
Son replaced 0
Son replaced 1

Number of sons 2
Son replaced 0
Son replaced 1

Number of sons 2
Son replaced 0
Son replaced 1

Number of sons 2
Son replaced 0
Son replaced 1

Number of sons 2
Son replaced 0
Son replaced 1

Number of sons 2
Son replaced 0
Son replaced 1

Number of sons 2
Son replaced 0
Son replaced 1

Number of sons 2
Son replaced 0
Son replaced 1

Number of sons 2
Son replaced 0
Son replaced 1

Number of sons 2
Son replaced 0
Son replaced 1

Number of sons 2
Son replaced 0
Son replaced 1

Number of sons 2
Son replaced 0
Son replaced 1

Number of sons 2
Son replaced 0
Son replaced 1

Number of sons 2
Son replaced 0
Son replaced 1

Number of sons 2
Son replaced 0
Son replaced 1

Number of sons 2
Son replaced 0
Son replaced 1

Number of sons 2
Son replaced 0
Son replaced 1

Number of sons 2
Son replaced 0
Son replaced 1

Number of sons 2
Son replaced 0
Son replaced 1

Number of sons 2
Son replaced 0
Son replaced 1

Number of sons 2
Son replaced 0
Son replaced 1

Number of sons 2
Son replaced 0
Son replaced 1

Number of sons 2
Son replaced 0
Son replaced 1

Number of sons 2
Son replaced 0
Son replaced 1

Number of sons 2
Son replaced 0
Son replaced 1

Number of sons 2
Son replaced 0
Son replaced 1

Number of sons 2
Son replaced 0
Son replaced 1

Number of sons 2
Son replaced 0
Son replaced 1

Number of sons 2
Son replaced 0
Son replaced 1

Number of sons 2
Son replaced 0
Son replaced 1

Number of sons 2
Son replaced 0
Son replaced 1

Number of sons 2
Son replaced 0
Son replaced 1

Number of sons 2
Son replaced 0
Son replaced 1

Number of sons 2
Son replaced 0
Son replaced 1

Number of sons 2
Son replaced 0
Son replaced 1

Number of sons 2
Son replaced 0
Son replaced 1

Number of sons 2
Son replaced 0
Son replaced 1

Number of sons 2
Son replaced 0
Son replaced 1

Number of sons 2
Son replaced 0
Son replaced 1

Number of sons 3
Son replaced 0
Son replaced 1
Son replaced 2

Number of sons 2
Son replaced 0
Son replaced 1

Number of sons 2
Son replaced 0
Son replaced 1

Number of sons 2
Son replaced 0
Son replaced 1

Number of sons 2
Son replaced 0
Son replaced 1

Number of sons 2
Son replaced 0
Son replaced 1

Number of sons 2
Son replaced 0
Son replaced 1

Number of sons 2
Son replaced 0
Son replaced 1

Number of sons 2
Son replaced 0
Son replaced 1

Number of sons 2
Son replaced 0
Son replaced 1

Number of sons 2
Son replaced 0
Son replaced 1

Number of sons 2
Son replaced 0
Son replaced 1

Number of sons 2
Son replaced 0
Son replaced 1

Number of sons 2
Son replaced 0
Son replaced 1

Number of sons 2
Son replaced 0
Son replaced 1

Number of sons 2
Son replaced 0
Son replaced 1

Number of sons 2
Son replaced 0
Son replaced 1

Number of sons 2
Son replaced 0
Son replaced 1

Number of sons 2
Son replaced 0
Son replaced 1

Number of sons 2
Son replaced 0
Son replaced 1

Number of sons 2
Son replaced 0
Son replaced 1

Number of sons 2
Son replaced 0
Son replaced 1

Number of sons 2
Son replaced 0
Son replaced 1

Number of sons 2
Son replaced 0
Son replaced 1

Number of sons 2
Son replaced 0
Son replaced 1

Number of sons 2
Son replaced 0
Son replaced 1

Number of sons 2
Son replaced 0
Son replaced 1

Number of sons 2
Son replaced 0
Son replaced 1

Number of sons 2
Son replaced 0
Son replaced 1

Number of sons 2
Son replaced 0
Son replaced 1

Number of sons 2
Son replaced 0
Son replaced 1

Number of sons 2
Son replaced 0
Son replaced 1

Number of sons 2
Son replaced 0
Son replaced 1

Number of sons 2
Son replaced 0
Son replaced 1

Number of sons 2
Son replaced 0
Son replaced 1

Number of sons 2
Son replaced 0
Son replaced 1

Number of sons 2
Son replaced 0
Son replaced 1

Number of sons 2
Son replaced 0
Son replaced 1

Number of sons 2
Son replaced 0
Son replaced 1

Number of sons 2
Son replaced 0
Son replaced 1

Number of sons 2
Son replaced 0
Son replaced 1

Number of sons 2
Son replaced 0
Son replaced 1

Number of sons 2
Son replaced 0
Son replaced 1

Number of sons 2
Son replaced 0
Son replaced 1

Number of sons 2
Son replaced 0
Son replaced 1

Number of sons 2
Son replaced 0
Son replaced 1

Number of sons 2
Son replaced 0
Son replaced 1

Number of sons 2
Son replaced 0
Son replaced 1

Number of sons 2
Son replaced 0
Son replaced 1

Number of sons 2
Son replaced 0
Son replaced 1

Number of sons 2
Son replaced 0
Son replaced 1

Number of sons 2
Son replaced 0
Son replaced 1

Number of sons 2
Son replaced 0
Son replaced 1

Number of sons 2
Son replaced 0
Son replaced 1

Number of sons 3
Son replaced 0
Son replaced 1
Son replaced 2

Number of sons 2
Son replaced 0
Son replaced 1

Number of sons 2
Son replaced 0
Son replaced 1

Number of sons 2
Son replaced 0
Son replaced 1

Number of sons 2
Son replaced 0
Son replaced 1

Number of sons 2
Son replaced 0
Son replaced 1

Number of sons 2
Son replaced 0
Son replaced 1

Number of sons 2
Son replaced 0
Son replaced 1

Number of sons 2
Son replaced 0
Son replaced 1

Number of sons 2
Son replaced 0
Son replaced 1

Number of sons 2
Son replaced 0
Son replaced 1

Number of sons 2
Son replaced 0
Son replaced 1

Number of sons 2
Son replaced 0
Son replaced 1

Number of sons 2
Son replaced 0
Son replaced 1

Number of sons 2
Son replaced 0
Son replaced 1

Number of sons 2
Son replaced 0
Son replaced 1

Number of sons 2
Son replaced 0
Son replaced 1

Number of sons 2
Son replaced 0
Son replaced 1

Number of sons 2
Son replaced 0
Son replaced 1

Number of sons 2
Son replaced 0
Son replaced 1

Number of sons 2
Son replaced 0
Son replaced 1

Number of sons 2
Son replaced 0
Son replaced 1

Number of sons 2
Son replaced 0
Son replaced 1

Number of sons 2
Son replaced 0
Son replaced 1

Number of sons 2
Son replaced 0
Son replaced 1

Number of sons 2
Son replaced 0
Son replaced 1

Number of sons 2
Son replaced 0
Son replaced 1

Number of sons 2
Son replaced 0
Son replaced 1

Number of sons 2
Son replaced 0
Son replaced 1

Number of sons 2
Son replaced 0
Son replaced 1

Number of sons 2
Son replaced 0
Son replaced 1

Number of sons 2
Son replaced 0
Son replaced 1

Number of sons 2
Son replaced 0
Son replaced 1

Number of sons 2
Son replaced 0
Son replaced 1

Number of sons 2
Son replaced 0
Son replaced 1

Number of sons 2
Son replaced 0
Son replaced 1

Number of sons 2
Son replaced 0
Son replaced 1

Number of sons 2
Son replaced 0
Son replaced 1

Number of sons 2
Son replaced 0
Son replaced 1

Number of sons 2
Son replaced 0
Son replaced 1

Number of sons 2
Son replaced 0
Son replaced 1

Number of sons 2
Son replaced 0
Son replaced 1

Number of sons 2
Son replaced 0
Son replaced 1

Number of sons 2
Son replaced 0
Son replaced 1

Number of sons 2
Son replaced 0
Son replaced 1

Number of sons 2
Son replaced 0
Son replaced 1

Number of sons 2
Son replaced 0
Son replaced 1

Number of sons 2
Son replaced 0
Son replaced 1

Number of sons 2
Son replaced 0
Son replaced 1

Number of sons 2
Son replaced 0
Son replaced 1

Number of sons 2
Son replaced 0
Son replaced 1

Number of sons 2
Son replaced 0
Son replaced 1

Number of sons 2
Son replaced 0
Son replaced 1

Number of sons 2
Son replaced 0
Son replaced 1

Number of sons 3
Son replaced 0
Son replaced 1
Son replaced 2

Number of sons 2
Son replaced 0
Son replaced 1

Number of sons 2
Son replaced 0
Son replaced 1

Number of sons 2
Son replaced 0
Son replaced 1

Number of sons 2
Son replaced 0
Son replaced 1

Number of sons 2
Son replaced 0
Son replaced 1

Number of sons 2
Son replaced 0
Son replaced 1

Number of sons 2
Son replaced 0
Son replaced 1

Number of sons 2
Son replaced 0
Son replaced 1

Number of sons 2
Son replaced 0
Son replaced 1

Number of sons 2
Son replaced 0
Son replaced 1

Number of sons 2
Son replaced 0
Son replaced 1

Number of sons 2
Son replaced 0
Son replaced 1

Number of sons 2
Son replaced 0
Son replaced 1

Number of sons 2
Son replaced 0
Son replaced 1

Number of sons 2
Son replaced 0
Son replaced 1

Number of sons 2
Son replaced 0
Son replaced 1

Number of sons 2
Son replaced 0
Son replaced 1

Number of sons 2
Son replaced 0
Son replaced 1

Number of sons 2
Son replaced 0
Son replaced 1

Number of sons 2
Son replaced 0
Son replaced 1

Number of sons 2
Son replaced 0
Son replaced 1

Number of sons 2
Son replaced 0
Son replaced 1

Number of sons 2
Son replaced 0
Son replaced 1

Number of sons 2
Son replaced 0
Son replaced 1

Number of sons 2
Son replaced 0
Son replaced 1

Number of sons 2
Son replaced 0
Son replaced 1

Number of sons 2
Son replaced 0
Son replaced 1

Number of sons 2
Son replaced 0
Son replaced 1

Number of sons 2
Son replaced 0
Son replaced 1

Number of sons 2
Son replaced 0
Son replaced 1

Number of sons 2
Son replaced 0
Son replaced 1

Number of sons 2
Son replaced 0
Son replaced 1

Number of sons 2
Son replaced 0
Son replaced 1

Number of sons 2
Son replaced 0
Son replaced 1

Number of sons 2
Son replaced 0
Son replaced 1

Number of sons 2
Son replaced 0
Son replaced 1

Number of sons 2
Son replaced 0
Son replaced 1

Number of sons 2
Son replaced 0
Son replaced 1

Number of sons 2
Son replaced 0
Son replaced 1

Number of sons 2
Son replaced 0
Son replaced 1

Number of sons 2
Son replaced 0
Son replaced 1

Number of sons 2
Son replaced 0
Son replaced 1

Number of sons 2
Son replaced 0
Son replaced 1

Number of sons 2
Son replaced 0
Son replaced 1

Number of sons 2
Son replaced 0
Son replaced 1

Number of sons 2
Son replaced 0
Son replaced 1

Number of sons 2
Son replaced 0
Son replaced 1

Number of sons 2
Son replaced 0
Son replaced 1

Number of sons 2
Son replaced 0
Son replaced 1

Number of sons 2
Son replaced 0
Son replaced 1

Number of sons 2
Son replaced 0
Son replaced 1

Number of sons 2
Son replaced 0
Son replaced 1

Number of sons 2
Son replaced 0
Son replaced 1

Number of sons 3
Son replaced 0
Son replaced 1
Son replaced 2

Number of sons 2
Son replaced 0
Son replaced 1

Number of sons 2
Son replaced 0
Son replaced 1

Number of sons 2
Son replaced 0
Son replaced 1

Number of sons 2
Son replaced 0
Son replaced 1

Number of sons 2
Son replaced 0
Son replaced 1

Number of sons 2
Son replaced 0
Son replaced 1

Number of sons 2
Son replaced 0
Son replaced 1

Number of sons 2
Son replaced 0
Son replaced 1

Number of sons 2
Son replaced 0
Son replaced 1

Number of sons 2
Son replaced 0
Son replaced 1

Number of sons 2
Son replaced 0
Son replaced 1

Number of sons 2
Son replaced 0
Son replaced 1

Number of sons 2
Son replaced 0
Son replaced 1

Number of sons 2
Son replaced 0
Son replaced 1

Number of sons 2
Son replaced 0
Son replaced 1

Number of sons 2
Son replaced 0
Son replaced 1

Number of sons 2
Son replaced 0
Son replaced 1

Number of sons 2
Son replaced 0
Son replaced 1

Number of sons 2
Son replaced 0
Son replaced 1

Number of sons 2
Son replaced 0
Son replaced 1

Number of sons 2
Son replaced 0
Son replaced 1

Number of sons 2
Son replaced 0
Son replaced 1

Number of sons 2
Son replaced 0
Son replaced 1

Number of sons 2
Son replaced 0
Son replaced 1

Number of sons 2
Son replaced 0
Son replaced 1

Number of sons 2
Son replaced 0
Son replaced 1

Number of sons 2
Son replaced 0
Son replaced 1

Number of sons 2
Son replaced 0
Son replaced 1

Number of sons 2
Son replaced 0
Son replaced 1

Number of sons 2
Son replaced 0
Son replaced 1

Number of sons 2
Son replaced 0
Son replaced 1

Number of sons 2
Son replaced 0
Son replaced 1

Number of sons 2
Son replaced 0
Son replaced 1

Number of sons 2
Son replaced 0
Son replaced 1

Number of sons 2
Son replaced 0
Son replaced 1

Number of sons 2
Son replaced 0
Son replaced 1

Number of sons 2
Son replaced 0
Son replaced 1

Number of sons 2
Son replaced 0
Son replaced 1

Number of sons 2
Son replaced 0
Son replaced 1

Number of sons 2
Son replaced 0
Son replaced 1

Number of sons 2
Son replaced 0
Son replaced 1

Number of sons 2
Son replaced 0
Son replaced 1

Number of sons 2
Son replaced 0
Son replaced 1

Number of sons 2
Son replaced 0
Son replaced 1

Number of sons 2
Son replaced 0
Son replaced 1

Number of sons 2
Son replaced 0
Son replaced 1

Number of sons 2
Son replaced 0
Son replaced 1

Number of sons 2
Son replaced 0
Son replaced 1

Number of sons 2
Son replaced 0
Son replaced 1

Number of sons 2
Son replaced 0
Son replaced 1

Number of sons 2
Son replaced 0
Son replaced 1

Number of sons 2
Son replaced 0
Son replaced 1

Number of sons 2
Son replaced 0
Son replaced 1

Number of sons 3
Son replaced 0
Son replaced 1
Son replaced 2

